<?xml version="1.0" encoding="UTF-8"?>
<testng-results skipped="0" failed="0" ignored="0" total="1" passed="1">
  <reporter-output>
  </reporter-output>
  <suite name="RegressionSuite" duration-ms="9429" started-at="2021-11-21T05:02:08Z" finished-at="2021-11-21T05:02:17Z">
    <groups>
    </groups>
    <test name="BatchExecutionTestNg" duration-ms="9429" started-at="2021-11-21T05:02:08Z" finished-at="2021-11-21T05:02:17Z">
      <class name="com.PG.testCases.TC001_VerifyUserLogin">
        <test-method status="PASS" signature="setUp(java.lang.String)[pri:0, instance:com.PG.testCases.TC001_VerifyUserLogin@350b40]" name="setUp" is-config="true" duration-ms="4637" started-at="2021-11-21T05:02:08Z" finished-at="2021-11-21T05:02:13Z">
          <params>
            <param index="0">
              <value>
                <![CDATA[edge]]>
              </value>
            </param>
          </params>
          <reporter-output>
          </reporter-output>
        </test-method> <!-- setUp -->
        <test-method status="PASS" signature="VerifyLogin()[pri:0, instance:com.PG.testCases.TC001_VerifyUserLogin@350b40]" name="VerifyLogin" duration-ms="3783" started-at="2021-11-21T05:02:13Z" finished-at="2021-11-21T05:02:16Z">
          <reporter-output>
          </reporter-output>
        </test-method> <!-- VerifyLogin -->
        <test-method status="PASS" signature="tearDown()[pri:0, instance:com.PG.testCases.TC001_VerifyUserLogin@350b40]" name="tearDown" is-config="true" duration-ms="886" started-at="2021-11-21T05:02:16Z" finished-at="2021-11-21T05:02:17Z">
          <reporter-output>
          </reporter-output>
        </test-method> <!-- tearDown -->
      </class> <!-- com.PG.testCases.TC001_VerifyUserLogin -->
    </test> <!-- BatchExecutionTestNg -->
  </suite> <!-- RegressionSuite -->
</testng-results>
